0 verbose cli D:\nodejs\node.exe D:\nodejs\node_modules\npm\bin\npm-cli.js
1 info using npm@11.13.0
2 info using node@v24.16.0
3 silly config load:file:D:\nodejs\node_modules\npm\npmrc
4 silly config load:file:E:\项目\可视化大屏\client\.npmrc
5 silly config load:file:C:\Users\ZhuanZ（无密码）\.npmrc
6 silly config load:file:D:\nodejs\node_global\etc\npmrc
7 verbose title npm install vuedraggable@next
8 verbose argv "install" "vuedraggable@next" "--cache" "E:\\项目\\可视化大屏\\client\\.npm-temp" "--registry" "https://registry.npmmirror.com"
9 verbose logfile logs-max:10 dir:E:\项目\可视化大屏\client\.npm-temp\_logs\2026-06-02T07_55_20_149Z-
10 verbose logfile E:\项目\可视化大屏\client\.npm-temp\_logs\2026-06-02T07_55_20_149Z-debug-0.log
11 silly logfile done cleaning log files
12 silly packumentCache heap:4496293888 maxSize:1124073472 maxEntrySize:562036736
13 silly packumentCache corgi:https://registry.npmmirror.com/vuedraggable cache-miss
14 http cache https://registry.npmmirror.com/vuedraggable 20ms (cache hit)
15 silly packumentCache corgi:https://registry.npmmirror.com/vuedraggable set size:61540 disposed:false
16 silly idealTree buildDeps
17 silly fetch manifest vuedraggable@4.1.0
18 silly packumentCache full:https://registry.npmmirror.com/vuedraggable cache-miss
19 http cache https://registry.npmmirror.com/vuedraggable 4ms (cache hit)
20 silly packumentCache full:https://registry.npmmirror.com/vuedraggable set size:146422 disposed:false
21 silly fetch manifest vue@^3.4.0
22 silly packumentCache full:https://registry.npmmirror.com/vue cache-miss
23 http cache https://registry.npmmirror.com/vue 5ms (cache hit)
24 silly packumentCache full:https://registry.npmmirror.com/vue set size:2121372 disposed:false
25 silly fetch manifest typescript@^5.3.3
26 silly packumentCache full:https://registry.npmmirror.com/typescript cache-miss
27 http cache https://registry.npmmirror.com/typescript 24ms (cache hit)
28 silly packumentCache full:https://registry.npmmirror.com/typescript set size:14656265 disposed:false
29 silly placeDep ROOT vuedraggable@4.1.0 REPLACE for: dashboard-client@1.0.0 want: 4.1.0
30 silly reify moves {}
31 silly audit bulk request {
31 silly audit   '@babel/helper-string-parser': [ '7.27.1' ],
31 silly audit   '@babel/helper-validator-identifier': [ '7.28.5' ],
31 silly audit   '@babel/parser': [ '7.29.3' ],
31 silly audit   '@babel/types': [ '7.29.0' ],
31 silly audit   '@esbuild/aix-ppc64': [ '0.21.5' ],
31 silly audit   '@esbuild/android-arm': [ '0.21.5' ],
31 silly audit   '@esbuild/android-arm64': [ '0.21.5' ],
31 silly audit   '@esbuild/android-x64': [ '0.21.5' ],
31 silly audit   '@esbuild/darwin-arm64': [ '0.21.5' ],
31 silly audit   '@esbuild/darwin-x64': [ '0.21.5' ],
31 silly audit   '@esbuild/freebsd-arm64': [ '0.21.5' ],
31 silly audit   '@esbuild/freebsd-x64': [ '0.21.5' ],
31 silly audit   '@esbuild/linux-arm': [ '0.21.5' ],
31 silly audit   '@esbuild/linux-arm64': [ '0.21.5' ],
31 silly audit   '@esbuild/linux-ia32': [ '0.21.5' ],
31 silly audit   '@esbuild/linux-loong64': [ '0.21.5' ],
31 silly audit   '@esbuild/linux-mips64el': [ '0.21.5' ],
31 silly audit   '@esbuild/linux-ppc64': [ '0.21.5' ],
31 silly audit   '@esbuild/linux-riscv64': [ '0.21.5' ],
31 silly audit   '@esbuild/linux-s390x': [ '0.21.5' ],
31 silly audit   '@esbuild/linux-x64': [ '0.21.5' ],
31 silly audit   '@esbuild/netbsd-x64': [ '0.21.5' ],
31 silly audit   '@esbuild/openbsd-x64': [ '0.21.5' ],
31 silly audit   '@esbuild/sunos-x64': [ '0.21.5' ],
31 silly audit   '@esbuild/win32-arm64': [ '0.21.5' ],
31 silly audit   '@esbuild/win32-ia32': [ '0.21.5' ],
31 silly audit   '@esbuild/win32-x64': [ '0.21.5' ],
31 silly audit   '@jridgewell/sourcemap-codec': [ '1.5.5' ],
31 silly audit   '@parcel/watcher': [ '2.5.6' ],
31 silly audit   '@parcel/watcher-android-arm64': [ '2.5.6' ],
31 silly audit   '@parcel/watcher-darwin-arm64': [ '2.5.6' ],
31 silly audit   '@parcel/watcher-darwin-x64': [ '2.5.6' ],
31 silly audit   '@parcel/watcher-freebsd-x64': [ '2.5.6' ],
31 silly audit   '@parcel/watcher-linux-arm-glibc': [ '2.5.6' ],
31 silly audit   '@parcel/watcher-linux-arm-musl': [ '2.5.6' ],
31 silly audit   '@parcel/watcher-linux-arm64-glibc': [ '2.5.6' ],
31 silly audit   '@parcel/watcher-linux-arm64-musl': [ '2.5.6' ],
31 silly audit   '@parcel/watcher-linux-x64-glibc': [ '2.5.6' ],
31 silly audit   '@parcel/watcher-linux-x64-musl': [ '2.5.6' ],
31 silly audit   '@parcel/watcher-win32-arm64': [ '2.5.6' ],
31 silly audit   '@parcel/watcher-win32-ia32': [ '2.5.6' ],
31 silly audit   '@parcel/watcher-win32-x64': [ '2.5.6' ],
31 silly audit   '@rollup/rollup-android-arm-eabi': [ '4.60.4' ],
31 silly audit   '@rollup/rollup-android-arm64': [ '4.60.4' ],
31 silly audit   '@rollup/rollup-darwin-arm64': [ '4.60.4' ],
31 silly audit   '@rollup/rollup-darwin-x64': [ '4.60.4' ],
31 silly audit   '@rollup/rollup-freebsd-arm64': [ '4.60.4' ],
31 silly audit   '@rollup/rollup-freebsd-x64': [ '4.60.4' ],
31 silly audit   '@rollup/rollup-linux-arm-gnueabihf': [ '4.60.4' ],
31 silly audit   '@rollup/rollup-linux-arm-musleabihf': [ '4.60.4' ],
31 silly audit   '@rollup/rollup-linux-arm64-gnu': [ '4.60.4' ],
31 silly audit   '@rollup/rollup-linux-arm64-musl': [ '4.60.4' ],
31 silly audit   '@rollup/rollup-linux-loong64-gnu': [ '4.60.4' ],
31 silly audit   '@rollup/rollup-linux-loong64-musl': [ '4.60.4' ],
31 silly audit   '@rollup/rollup-linux-ppc64-gnu': [ '4.60.4' ],
31 silly audit   '@rollup/rollup-linux-ppc64-musl': [ '4.60.4' ],
31 silly audit   '@rollup/rollup-linux-riscv64-gnu': [ '4.60.4' ],
31 silly audit   '@rollup/rollup-linux-riscv64-musl': [ '4.60.4' ],
31 silly audit   '@rollup/rollup-linux-s390x-gnu': [ '4.60.4' ],
31 silly audit   '@rollup/rollup-linux-x64-gnu': [ '4.60.4' ],
31 silly audit   '@rollup/rollup-linux-x64-musl': [ '4.60.4' ],
31 silly audit   '@rollup/rollup-openbsd-x64': [ '4.60.4' ],
31 silly audit   '@rollup/rollup-openharmony-arm64': [ '4.60.4' ],
31 silly audit   '@rollup/rollup-win32-arm64-msvc': [ '4.60.4' ],
31 silly audit   '@rollup/rollup-win32-ia32-msvc': [ '4.60.4' ],
31 silly audit   '@rollup/rollup-win32-x64-gnu': [ '4.60.4' ],
31 silly audit   '@rollup/rollup-win32-x64-msvc': [ '4.60.4' ],
31 silly audit   '@socket.io/component-emitter': [ '3.1.2' ],
31 silly audit   '@types/estree': [ '1.0.8' ],
31 silly audit   '@types/node': [ '20.19.41' ],
31 silly audit   '@vitejs/plugin-vue': [ '5.2.4' ],
31 silly audit   '@volar/language-core': [ '2.4.15' ],
31 silly audit   '@volar/source-map': [ '2.4.15' ],
31 silly audit   '@volar/typescript': [ '2.4.15' ],
31 silly audit   '@vue/compiler-core': [ '3.5.34' ],
31 silly audit   '@vue/compiler-dom': [ '3.5.34' ],
31 silly audit   '@vue/compiler-sfc': [ '3.5.34' ],
31 silly audit   '@vue/compiler-ssr': [ '3.5.34' ],
31 silly audit   '@vue/compiler-vue2': [ '2.7.16' ],
31 silly audit   '@vue/devtools-api': [ '6.6.4' ],
31 silly audit   '@vue/language-core': [ '2.2.12' ],
31 silly audit   '@vue/reactivity': [ '3.5.34' ],
31 silly audit   '@vue/runtime-core': [ '3.5.34' ],
31 silly audit   '@vue/runtime-dom': [ '3.5.34' ],
31 silly audit   '@vue/server-renderer': [ '3.5.34' ],
31 silly audit   '@vue/shared': [ '3.5.34' ],
31 silly audit   'agent-base': [ '6.0.2' ],
31 silly audit   'alien-signals': [ '1.0.13' ],
31 silly audit   asynckit: [ '0.4.0' ],
31 silly audit   axios: [ '1.16.1' ],
31 silly audit   'balanced-match': [ '1.0.2' ],
31 silly audit   'brace-expansion': [ '2.1.0' ],
31 silly audit   'call-bind-apply-helpers': [ '1.0.2' ],
31 silly audit   chokidar: [ '5.0.0' ],
31 silly audit   'combined-stream': [ '1.0.8' ],
31 silly audit   csstype: [ '3.2.3' ],
31 silly audit   'de-indent': [ '1.0.2' ],
31 silly audit   debug: [ '4.4.3' ],
31 silly audit   'delayed-stream': [ '1.0.0' ],
31 silly audit   'detect-libc': [ '2.1.2' ],
31 silly audit   'dunder-proto': [ '1.0.1' ],
31 silly audit   echarts: [ '5.6.0' ],
31 silly audit   'engine.io-client': [ '6.6.5' ],
31 silly audit   'engine.io-parser': [ '5.2.3' ],
31 silly audit   entities: [ '7.0.1' ],
31 silly audit   'es-define-property': [ '1.0.1' ],
31 silly audit   'es-errors': [ '1.3.0' ],
31 silly audit   'es-object-atoms': [ '1.1.2' ],
31 silly audit   'es-set-tostringtag': [ '2.1.0' ],
31 silly audit   esbuild: [ '0.21.5' ],
31 silly audit   'estree-walker': [ '2.0.2' ],
31 silly audit   'follow-redirects': [ '1.16.0' ],
31 silly audit   'form-data': [ '4.0.5' ],
31 silly audit   fsevents: [ '2.3.3' ],
31 silly audit   'function-bind': [ '1.1.2' ],
31 silly audit   'get-intrinsic': [ '1.3.0' ],
31 silly audit   'math-intrinsics': [ '1.1.0' ],
31 silly audit   'get-proto': [ '1.0.1' ],
31 silly audit   gopd: [ '1.2.0' ],
31 silly audit   'has-symbols': [ '1.1.0' ],
31 silly audit   'has-tostringtag': [ '1.0.2' ],
31 silly audit   hasown: [ '2.0.3' ],
31 silly audit   he: [ '1.2.0' ],
31 silly audit   'https-proxy-agent': [ '5.0.1' ],
31 silly audit   immutable: [ '5.1.5' ],
31 silly audit   'is-extglob': [ '2.1.1' ],
31 silly audit   'is-glob': [ '4.0.3' ],
31 silly audit   'magic-string': [ '0.30.21' ],
31 silly audit   'mime-db': [ '1.52.0' ],
31 silly audit   'mime-types': [ '2.1.35' ],
31 silly audit   minimatch: [ '9.0.9' ],
31 silly audit   ms: [ '2.1.3' ],
31 silly audit   'muggle-string': [ '0.4.1' ],
31 silly audit   nanoid: [ '3.3.12' ],
31 silly audit   'node-addon-api': [ '7.1.1' ],
31 silly audit   'path-browserify': [ '1.0.1' ],
31 silly audit   picocolors: [ '1.1.1' ],
31 silly audit   picomatch: [ '4.0.4' ],
31 silly audit   pinia: [ '2.3.1' ],
31 silly audit   postcss: [ '8.5.15' ],
31 silly audit   'proxy-from-env': [ '2.1.0' ],
31 silly audit   readdirp: [ '5.0.0' ],
31 silly audit   'resize-detector': [ '0.3.0' ],
31 silly audit   rollup: [ '4.60.4' ],
31 silly audit   sass: [ '1.100.0' ],
31 silly audit   'socket.io-client': [ '4.8.3' ],
31 silly audit   'socket.io-parser': [ '4.2.6' ],
31 silly audit   sortablejs: [ '1.14.0' ],
31 silly audit   'source-map-js': [ '1.2.1' ],
31 silly audit   tslib: [ '2.3.0' ],
31 silly audit   typescript: [ '5.9.3' ],
31 silly audit   'undici-types': [ '6.21.0' ],
31 silly audit   vite: [ '5.4.21' ],
31 silly audit   'vscode-uri': [ '3.1.0' ],
31 silly audit   vue: [ '3.5.34' ],
31 silly audit   'vue-demi': [ '0.14.10', '0.13.11' ],
31 silly audit   'vue-echarts': [ '6.7.3' ],
31 silly audit   'vue-router': [ '4.6.4' ],
31 silly audit   'vue-tsc': [ '2.2.12' ],
31 silly audit   ws: [ '8.20.1' ],
31 silly audit   'xmlhttprequest-ssl': [ '2.1.2' ],
31 silly audit   zrender: [ '5.6.1' ],
31 silly audit   vuedraggable: [ '4.1.0' ]
31 silly audit }
32 http fetch POST 404 https://registry.npmmirror.com/-/npm/v1/security/advisories/bulk 124ms
33 verbose audit error HttpErrorGeneral: 404 Not Found - POST https://registry.npmmirror.com/-/npm/v1/security/advisories/bulk - [NOT_IMPLEMENTED] /-/npm/v1/security/* not implemented yet
33 verbose audit error     at D:\nodejs\node_modules\npm\node_modules\npm-registry-fetch\lib\check-response.js:103:15
33 verbose audit error     at process.processTicksAndRejections (node:internal/process/task_queues:104:5)
33 verbose audit error     at async #getReport (D:\nodejs\node_modules\npm\node_modules\@npmcli\arborist\lib\audit-report.js:275:19)
33 verbose audit error     at async AuditReport.run (D:\nodejs\node_modules\npm\node_modules\@npmcli\arborist\lib\audit-report.js:100:19)
33 verbose audit error     at async Arborist.reify (D:\nodejs\node_modules\npm\node_modules\@npmcli\arborist\lib\arborist\reify.js:261:24)
33 verbose audit error     at async Install.exec (D:\nodejs\node_modules\npm\lib\commands\install.js:146:5)
33 verbose audit error     at async Npm.exec (D:\nodejs\node_modules\npm\lib\npm.js:193:9)
33 verbose audit error     at async module.exports (D:\nodejs\node_modules\npm\lib\cli\entry.js:67:5) {
33 verbose audit error   headers: [Object: null prototype] {
33 verbose audit error     server: [ 'Tengine' ],
33 verbose audit error     date: [ 'Tue, 02 Jun 2026 07:55:25 GMT' ],
33 verbose audit error     'content-type': [ 'application/json' ],
33 verbose audit error     'transfer-encoding': [ 'chunked' ],
33 verbose audit error     connection: [ 'keep-alive' ],
33 verbose audit error     'strict-transport-security': [ 'max-age=5184000' ],
33 verbose audit error     via: [ 'kunlun9.cn9404[,404666]' ],
33 verbose audit error     'timing-allow-origin': [ '*' ],
33 verbose audit error     eagleid: [ '6f3e618e17803869259067065e' ],
33 verbose audit error     'x-fetch-attempts': [ '1' ]
33 verbose audit error   },
33 verbose audit error   statusCode: 404,
33 verbose audit error   code: 'E404',
33 verbose audit error   method: 'POST',
33 verbose audit error   uri: 'https://registry.npmmirror.com/-/npm/v1/security/advisories/bulk',
33 verbose audit error   body: {
33 verbose audit error     error: '[NOT_IMPLEMENTED] /-/npm/v1/security/* not implemented yet'
33 verbose audit error   },
33 verbose audit error   pkgid: undefined
33 verbose audit error }
34 silly audit error [object Object]
35 silly audit report null
36 verbose cwd E:\项目\可视化大屏\client
37 verbose os Windows_NT 10.0.26200
38 verbose node v24.16.0
39 verbose npm  v11.13.0
40 verbose exit 0
41 info ok
