0 verbose cli D:\nodejs\node.exe D:\nodejs\node_modules\npm\bin\npm-cli.js
1 info using npm@11.13.0
2 info using node@v24.16.0
3 silly config load:file:D:\nodejs\node_modules\npm\npmrc
4 silly config load:file:E:\项目\可视化大屏\client\.npmrc
5 silly config load:file:C:\Users\ZhuanZ（无密码）\.npmrc
6 silly config load:file:D:\nodejs\node_global\etc\npmrc
7 verbose title npm install vuedraggable@next
8 verbose argv "install" "vuedraggable@next" "--cache" "E:\\项目\\可视化大屏\\client\\.npm-temp" "--registry" "https://registry.npmmirror.com"
9 verbose logfile logs-max:10 dir:E:\项目\可视化大屏\client\.npm-temp\_logs\2026-06-02T07_54_55_557Z-
10 verbose logfile E:\项目\可视化大屏\client\.npm-temp\_logs\2026-06-02T07_54_55_557Z-debug-0.log
11 silly logfile done cleaning log files
12 silly packumentCache heap:4496293888 maxSize:1124073472 maxEntrySize:562036736
13 verbose shrinkwrap failed to load node_modules/.package-lock.json out of date, updated: node_modules
14 silly packumentCache corgi:https://registry.npmmirror.com/vuedraggable cache-miss
15 http fetch GET 200 https://registry.npmmirror.com/vuedraggable 110ms (cache miss)
16 silly packumentCache corgi:https://registry.npmmirror.com/vuedraggable set size:8846 disposed:false
17 silly idealTree buildDeps
18 silly fetch manifest vuedraggable@4.1.0
19 silly packumentCache full:https://registry.npmmirror.com/vuedraggable cache-miss
20 http fetch GET 200 https://registry.npmmirror.com/vuedraggable 44ms (cache miss)
21 silly packumentCache full:https://registry.npmmirror.com/vuedraggable set size:23413 disposed:false
22 silly fetch manifest vue@^3.4.0
23 silly packumentCache full:https://registry.npmmirror.com/vue cache-miss
24 http fetch GET 200 https://registry.npmmirror.com/npm 243ms
25 http fetch GET 200 https://registry.npmmirror.com/vue 175ms (cache miss)
26 silly packumentCache full:https://registry.npmmirror.com/vue set size:373870 disposed:false
27 silly fetch manifest typescript@^5.3.3
28 silly packumentCache full:https://registry.npmmirror.com/typescript cache-miss
29 http fetch GET 200 https://registry.npmmirror.com/typescript 442ms (cache miss)
30 silly packumentCache full:https://registry.npmmirror.com/typescript set size:1685991 disposed:false
31 silly placeDep ROOT vuedraggable@4.1.0 OK for: dashboard-client@1.0.0 want: 4.1.0
32 silly fetch manifest sortablejs@1.14.0
33 silly packumentCache full:https://registry.npmmirror.com/sortablejs cache-miss
34 http fetch GET 200 https://registry.npmmirror.com/sortablejs 36ms (cache miss)
35 silly packumentCache full:https://registry.npmmirror.com/sortablejs set size:26945 disposed:false
36 silly placeDep ROOT sortablejs@1.14.0 OK for: vuedraggable@4.1.0 want: 1.14.0
37 silly reify moves {}
38 silly audit bulk request {
38 silly audit   '@babel/helper-string-parser': [ '7.27.1' ],
38 silly audit   '@babel/helper-validator-identifier': [ '7.28.5' ],
38 silly audit   '@babel/parser': [ '7.29.3' ],
38 silly audit   '@babel/types': [ '7.29.0' ],
38 silly audit   '@esbuild/aix-ppc64': [ '0.21.5' ],
38 silly audit   '@esbuild/android-arm': [ '0.21.5' ],
38 silly audit   '@esbuild/android-arm64': [ '0.21.5' ],
38 silly audit   '@esbuild/android-x64': [ '0.21.5' ],
38 silly audit   '@esbuild/darwin-arm64': [ '0.21.5' ],
38 silly audit   '@esbuild/darwin-x64': [ '0.21.5' ],
38 silly audit   '@esbuild/freebsd-arm64': [ '0.21.5' ],
38 silly audit   '@esbuild/freebsd-x64': [ '0.21.5' ],
38 silly audit   '@esbuild/linux-arm': [ '0.21.5' ],
38 silly audit   '@esbuild/linux-arm64': [ '0.21.5' ],
38 silly audit   '@esbuild/linux-ia32': [ '0.21.5' ],
38 silly audit   '@esbuild/linux-loong64': [ '0.21.5' ],
38 silly audit   '@esbuild/linux-mips64el': [ '0.21.5' ],
38 silly audit   '@esbuild/linux-ppc64': [ '0.21.5' ],
38 silly audit   '@esbuild/linux-riscv64': [ '0.21.5' ],
38 silly audit   '@esbuild/linux-s390x': [ '0.21.5' ],
38 silly audit   '@esbuild/linux-x64': [ '0.21.5' ],
38 silly audit   '@esbuild/netbsd-x64': [ '0.21.5' ],
38 silly audit   '@esbuild/openbsd-x64': [ '0.21.5' ],
38 silly audit   '@esbuild/sunos-x64': [ '0.21.5' ],
38 silly audit   '@esbuild/win32-arm64': [ '0.21.5' ],
38 silly audit   '@esbuild/win32-ia32': [ '0.21.5' ],
38 silly audit   '@esbuild/win32-x64': [ '0.21.5' ],
38 silly audit   '@jridgewell/sourcemap-codec': [ '1.5.5' ],
38 silly audit   '@parcel/watcher': [ '2.5.6' ],
38 silly audit   '@parcel/watcher-android-arm64': [ '2.5.6' ],
38 silly audit   '@parcel/watcher-darwin-arm64': [ '2.5.6' ],
38 silly audit   '@parcel/watcher-darwin-x64': [ '2.5.6' ],
38 silly audit   '@parcel/watcher-freebsd-x64': [ '2.5.6' ],
38 silly audit   '@parcel/watcher-linux-arm-glibc': [ '2.5.6' ],
38 silly audit   '@parcel/watcher-linux-arm-musl': [ '2.5.6' ],
38 silly audit   '@parcel/watcher-linux-arm64-glibc': [ '2.5.6' ],
38 silly audit   '@parcel/watcher-linux-arm64-musl': [ '2.5.6' ],
38 silly audit   '@parcel/watcher-linux-x64-glibc': [ '2.5.6' ],
38 silly audit   '@parcel/watcher-linux-x64-musl': [ '2.5.6' ],
38 silly audit   '@parcel/watcher-win32-arm64': [ '2.5.6' ],
38 silly audit   '@parcel/watcher-win32-ia32': [ '2.5.6' ],
38 silly audit   '@parcel/watcher-win32-x64': [ '2.5.6' ],
38 silly audit   '@rollup/rollup-android-arm-eabi': [ '4.60.4' ],
38 silly audit   '@rollup/rollup-android-arm64': [ '4.60.4' ],
38 silly audit   '@rollup/rollup-darwin-arm64': [ '4.60.4' ],
38 silly audit   '@rollup/rollup-darwin-x64': [ '4.60.4' ],
38 silly audit   '@rollup/rollup-freebsd-arm64': [ '4.60.4' ],
38 silly audit   '@rollup/rollup-freebsd-x64': [ '4.60.4' ],
38 silly audit   '@rollup/rollup-linux-arm-gnueabihf': [ '4.60.4' ],
38 silly audit   '@rollup/rollup-linux-arm-musleabihf': [ '4.60.4' ],
38 silly audit   '@rollup/rollup-linux-arm64-gnu': [ '4.60.4' ],
38 silly audit   '@rollup/rollup-linux-arm64-musl': [ '4.60.4' ],
38 silly audit   '@rollup/rollup-linux-loong64-gnu': [ '4.60.4' ],
38 silly audit   '@rollup/rollup-linux-loong64-musl': [ '4.60.4' ],
38 silly audit   '@rollup/rollup-linux-ppc64-gnu': [ '4.60.4' ],
38 silly audit   '@rollup/rollup-linux-ppc64-musl': [ '4.60.4' ],
38 silly audit   '@rollup/rollup-linux-riscv64-gnu': [ '4.60.4' ],
38 silly audit   '@rollup/rollup-linux-riscv64-musl': [ '4.60.4' ],
38 silly audit   '@rollup/rollup-linux-s390x-gnu': [ '4.60.4' ],
38 silly audit   '@rollup/rollup-linux-x64-gnu': [ '4.60.4' ],
38 silly audit   '@rollup/rollup-linux-x64-musl': [ '4.60.4' ],
38 silly audit   '@rollup/rollup-openbsd-x64': [ '4.60.4' ],
38 silly audit   '@rollup/rollup-openharmony-arm64': [ '4.60.4' ],
38 silly audit   '@rollup/rollup-win32-arm64-msvc': [ '4.60.4' ],
38 silly audit   '@rollup/rollup-win32-ia32-msvc': [ '4.60.4' ],
38 silly audit   '@rollup/rollup-win32-x64-gnu': [ '4.60.4' ],
38 silly audit   '@rollup/rollup-win32-x64-msvc': [ '4.60.4' ],
38 silly audit   '@socket.io/component-emitter': [ '3.1.2' ],
38 silly audit   '@types/estree': [ '1.0.8' ],
38 silly audit   '@types/node': [ '20.19.41' ],
38 silly audit   '@vitejs/plugin-vue': [ '5.2.4' ],
38 silly audit   '@volar/language-core': [ '2.4.15' ],
38 silly audit   '@volar/source-map': [ '2.4.15' ],
38 silly audit   '@volar/typescript': [ '2.4.15' ],
38 silly audit   '@vue/compiler-core': [ '3.5.34' ],
38 silly audit   '@vue/compiler-dom': [ '3.5.34' ],
38 silly audit   '@vue/compiler-sfc': [ '3.5.34' ],
38 silly audit   '@vue/compiler-ssr': [ '3.5.34' ],
38 silly audit   '@vue/compiler-vue2': [ '2.7.16' ],
38 silly audit   '@vue/devtools-api': [ '6.6.4' ],
38 silly audit   '@vue/language-core': [ '2.2.12' ],
38 silly audit   '@vue/reactivity': [ '3.5.34' ],
38 silly audit   '@vue/runtime-core': [ '3.5.34' ],
38 silly audit   '@vue/runtime-dom': [ '3.5.34' ],
38 silly audit   '@vue/server-renderer': [ '3.5.34' ],
38 silly audit   '@vue/shared': [ '3.5.34' ],
38 silly audit   'agent-base': [ '6.0.2' ],
38 silly audit   'alien-signals': [ '1.0.13' ],
38 silly audit   asynckit: [ '0.4.0' ],
38 silly audit   axios: [ '1.16.1' ],
38 silly audit   'balanced-match': [ '1.0.2' ],
38 silly audit   'brace-expansion': [ '2.1.0' ],
38 silly audit   'call-bind-apply-helpers': [ '1.0.2' ],
38 silly audit   chokidar: [ '5.0.0' ],
38 silly audit   'combined-stream': [ '1.0.8' ],
38 silly audit   csstype: [ '3.2.3' ],
38 silly audit   'de-indent': [ '1.0.2' ],
38 silly audit   debug: [ '4.4.3' ],
38 silly audit   'delayed-stream': [ '1.0.0' ],
38 silly audit   'detect-libc': [ '2.1.2' ],
38 silly audit   'dunder-proto': [ '1.0.1' ],
38 silly audit   echarts: [ '5.6.0' ],
38 silly audit   'engine.io-client': [ '6.6.5' ],
38 silly audit   'engine.io-parser': [ '5.2.3' ],
38 silly audit   entities: [ '7.0.1' ],
38 silly audit   'es-define-property': [ '1.0.1' ],
38 silly audit   'es-errors': [ '1.3.0' ],
38 silly audit   'es-object-atoms': [ '1.1.2' ],
38 silly audit   'es-set-tostringtag': [ '2.1.0' ],
38 silly audit   esbuild: [ '0.21.5' ],
38 silly audit   'estree-walker': [ '2.0.2' ],
38 silly audit   'follow-redirects': [ '1.16.0' ],
38 silly audit   'form-data': [ '4.0.5' ],
38 silly audit   fsevents: [ '2.3.3' ],
38 silly audit   'function-bind': [ '1.1.2' ],
38 silly audit   'get-intrinsic': [ '1.3.0' ],
38 silly audit   'math-intrinsics': [ '1.1.0' ],
38 silly audit   'get-proto': [ '1.0.1' ],
38 silly audit   gopd: [ '1.2.0' ],
38 silly audit   'has-symbols': [ '1.1.0' ],
38 silly audit   'has-tostringtag': [ '1.0.2' ],
38 silly audit   hasown: [ '2.0.3' ],
38 silly audit   he: [ '1.2.0' ],
38 silly audit   'https-proxy-agent': [ '5.0.1' ],
38 silly audit   immutable: [ '5.1.5' ],
38 silly audit   'is-extglob': [ '2.1.1' ],
38 silly audit   'is-glob': [ '4.0.3' ],
38 silly audit   'magic-string': [ '0.30.21' ],
38 silly audit   'mime-db': [ '1.52.0' ],
38 silly audit   'mime-types': [ '2.1.35' ],
38 silly audit   minimatch: [ '9.0.9' ],
38 silly audit   ms: [ '2.1.3' ],
38 silly audit   'muggle-string': [ '0.4.1' ],
38 silly audit   nanoid: [ '3.3.12' ],
38 silly audit   'node-addon-api': [ '7.1.1' ],
38 silly audit   'path-browserify': [ '1.0.1' ],
38 silly audit   picocolors: [ '1.1.1' ],
38 silly audit   picomatch: [ '4.0.4' ],
38 silly audit   pinia: [ '2.3.1' ],
38 silly audit   postcss: [ '8.5.15' ],
38 silly audit   'proxy-from-env': [ '2.1.0' ],
38 silly audit   readdirp: [ '5.0.0' ],
38 silly audit   'resize-detector': [ '0.3.0' ],
38 silly audit   rollup: [ '4.60.4' ],
38 silly audit   sass: [ '1.100.0' ],
38 silly audit   'socket.io-client': [ '4.8.3' ],
38 silly audit   'socket.io-parser': [ '4.2.6' ],
38 silly audit   'source-map-js': [ '1.2.1' ],
38 silly audit   tslib: [ '2.3.0' ],
38 silly audit   typescript: [ '5.9.3' ],
38 silly audit   'undici-types': [ '6.21.0' ],
38 silly audit   vite: [ '5.4.21' ],
38 silly audit   'vscode-uri': [ '3.1.0' ],
38 silly audit   vue: [ '3.5.34' ],
38 silly audit   'vue-demi': [ '0.14.10', '0.13.11' ],
38 silly audit   'vue-echarts': [ '6.7.3' ],
38 silly audit   'vue-router': [ '4.6.4' ],
38 silly audit   'vue-tsc': [ '2.2.12' ],
38 silly audit   ws: [ '8.20.1' ],
38 silly audit   'xmlhttprequest-ssl': [ '2.1.2' ],
38 silly audit   zrender: [ '5.6.1' ],
38 silly audit   vuedraggable: [ '4.1.0' ],
38 silly audit   sortablejs: [ '1.14.0' ]
38 silly audit }
39 http cache vuedraggable@https://registry.npmmirror.com/vuedraggable/-/vuedraggable-4.1.0.tgz 0ms (cache hit)
40 http cache sortablejs@https://registry.npmmirror.com/sortablejs/-/sortablejs-1.14.0.tgz 0ms (cache hit)
41 silly tarball no local data for vuedraggable@https://registry.npmmirror.com/vuedraggable/-/vuedraggable-4.1.0.tgz. Extracting by manifest.
42 silly tarball no local data for sortablejs@https://registry.npmmirror.com/sortablejs/-/sortablejs-1.14.0.tgz. Extracting by manifest.
43 http fetch POST 404 https://registry.npmmirror.com/-/npm/v1/security/advisories/bulk 26ms
44 verbose audit error HttpErrorGeneral: 404 Not Found - POST https://registry.npmmirror.com/-/npm/v1/security/advisories/bulk - [NOT_IMPLEMENTED] /-/npm/v1/security/* not implemented yet
44 verbose audit error     at D:\nodejs\node_modules\npm\node_modules\npm-registry-fetch\lib\check-response.js:103:15
44 verbose audit error     at process.processTicksAndRejections (node:internal/process/task_queues:104:5)
44 verbose audit error     at async #getReport (D:\nodejs\node_modules\npm\node_modules\@npmcli\arborist\lib\audit-report.js:275:19)
44 verbose audit error     at async AuditReport.run (D:\nodejs\node_modules\npm\node_modules\@npmcli\arborist\lib\audit-report.js:100:19) {
44 verbose audit error   headers: [Object: null prototype] {
44 verbose audit error     server: [ 'Tengine' ],
44 verbose audit error     date: [ 'Tue, 02 Jun 2026 07:55:02 GMT' ],
44 verbose audit error     'content-type': [ 'application/json' ],
44 verbose audit error     'transfer-encoding': [ 'chunked' ],
44 verbose audit error     connection: [ 'keep-alive' ],
44 verbose audit error     'strict-transport-security': [ 'max-age=5184000' ],
44 verbose audit error     via: [ 'kunlun7.cn9404[,404666]' ],
44 verbose audit error     'timing-allow-origin': [ '*' ],
44 verbose audit error     eagleid: [ '6f3e618c17803869021167098e' ],
44 verbose audit error     'x-fetch-attempts': [ '1' ]
44 verbose audit error   },
44 verbose audit error   statusCode: 404,
44 verbose audit error   code: 'E404',
44 verbose audit error   method: 'POST',
44 verbose audit error   uri: 'https://registry.npmmirror.com/-/npm/v1/security/advisories/bulk',
44 verbose audit error   body: {
44 verbose audit error     error: '[NOT_IMPLEMENTED] /-/npm/v1/security/* not implemented yet'
44 verbose audit error   },
44 verbose audit error   pkgid: undefined
44 verbose audit error }
45 silly audit error [object Object]
46 silly audit report null
47 http fetch GET 200 https://cdn.npmmirror.com/packages/sortablejs/1.14.0/sortablejs-1.14.0.tgz 184ms (cache miss)
48 http fetch GET 200 https://cdn.npmmirror.com/packages/vuedraggable/4.1.0/vuedraggable-4.1.0.tgz 186ms (cache miss)
49 silly ADD node_modules/sortablejs
50 silly ADD node_modules/vuedraggable
51 verbose cwd E:\项目\可视化大屏\client
52 verbose os Windows_NT 10.0.26200
53 verbose node v24.16.0
54 verbose npm  v11.13.0
55 notice
55 notice New [33mminor[39m version of npm available! [33m11.13.0[39m -> [34m11.16.0[39m
55 notice Changelog: [34mhttps://github.com/npm/cli/releases/tag/v11.16.0[39m
55 notice To update run: [4mnpm install -g npm@11.16.0[24m
55 notice  { force: true, Symbol(proc-log.meta): true }
56 verbose exit 0
57 info ok
